0 verbose cli /usr/local/bin/node /usr/local/bin/npm
1 info using npm@8.6.0
2 info using node@v18.0.0
3 timing npm:load:whichnode Completed in 0ms
4 timing config:load:defaults Completed in 1ms
5 timing config:load:file:/usr/local/lib/node_modules/npm/npmrc Completed in 4ms
6 timing config:load:builtin Completed in 4ms
7 timing config:load:cli Completed in 1ms
8 timing config:load:env Completed in 0ms
9 timing config:load:file:/home/node/source/.npmrc Completed in 0ms
10 timing config:load:project Completed in 4ms
11 timing config:load:file:/home/node/.npmrc Completed in 0ms
12 timing config:load:user Completed in 0ms
13 timing config:load:file:/usr/local/etc/npmrc Completed in 1ms
14 timing config:load:global Completed in 1ms
15 timing config:load:validate Completed in 0ms
16 timing config:load:credentials Completed in 0ms
17 timing config:load:setEnvs Completed in 1ms
18 timing config:load Completed in 12ms
19 timing npm:load:configload Completed in 13ms
20 timing npm:load:mkdirpcache Completed in 1ms
21 timing npm:load:mkdirplogs Completed in 1ms
22 verbose title npm install
23 verbose argv "install"
24 timing npm:load:setTitle Completed in 1ms
25 timing config:load:flatten Completed in 2ms
26 timing npm:load:display Completed in 3ms
27 verbose logfile logs-max:10 dir:/home/node/.npm/_logs
28 verbose logfile /home/node/.npm/_logs/2022-12-14T13_13_15_381Z-debug-0.log
29 timing npm:load:logFile Completed in 10ms
30 timing npm:load:timers Completed in 0ms
31 timing npm:load:configScope Completed in 0ms
32 timing npm:load Completed in 30ms
33 timing arborist:ctor Completed in 0ms
34 silly logfile done cleaning log files
35 timing idealTree:init Completed in 85ms
36 timing idealTree:userRequests Completed in 0ms
37 silly idealTree buildDeps
38 timing idealTree:#root Completed in 0ms
39 timing idealTree:buildDeps Completed in 1ms
40 timing idealTree:fixDepFlags Completed in 0ms
41 timing idealTree Completed in 91ms
42 verbose shrinkwrap failed to load node_modules/.package-lock.json out of date, updated: node_modules
43 timing reify:loadTrees Completed in 188ms
44 timing reify:diffTrees Completed in 9ms
45 silly reify moves {}
46 timing reify:retireShallow Completed in 2ms
47 timing reify:createSparse Completed in 9ms
48 timing reify:loadBundles Completed in 0ms
49 silly audit bulk request {
49 silly audit   '@babel/parser': [ '7.19.4' ],
49 silly audit   '@esbuild/android-arm': [ '0.15.10' ],
49 silly audit   '@esbuild/linux-loong64': [ '0.15.10' ],
49 silly audit   '@eslint/eslintrc': [ '1.3.3' ],
49 silly audit   '@humanwhocodes/config-array': [ '0.10.7' ],
49 silly audit   '@humanwhocodes/module-importer': [ '1.0.1' ],
49 silly audit   '@humanwhocodes/object-schema': [ '1.2.1' ],
49 silly audit   '@nodelib/fs.scandir': [ '2.1.5' ],
49 silly audit   '@nodelib/fs.stat': [ '2.0.5' ],
49 silly audit   '@nodelib/fs.walk': [ '1.2.8' ],
49 silly audit   '@rushstack/eslint-patch': [ '1.2.0' ],
49 silly audit   '@vitejs/plugin-vue': [ '3.1.2' ],
49 silly audit   '@vue/compiler-core': [ '3.2.40' ],
49 silly audit   '@vue/compiler-dom': [ '3.2.40' ],
49 silly audit   '@vue/compiler-sfc': [ '3.2.40' ],
49 silly audit   '@vue/compiler-ssr': [ '3.2.40' ],
49 silly audit   '@vue/eslint-config-prettier': [ '7.0.0' ],
49 silly audit   '@vue/reactivity': [ '3.2.40' ],
49 silly audit   '@vue/reactivity-transform': [ '3.2.40' ],
49 silly audit   '@vue/runtime-core': [ '3.2.40' ],
49 silly audit   '@vue/runtime-dom': [ '3.2.40' ],
49 silly audit   '@vue/server-renderer': [ '3.2.40' ],
49 silly audit   '@vue/shared': [ '3.2.40' ],
49 silly audit   acorn: [ '8.8.0' ],
49 silly audit   'acorn-jsx': [ '5.3.2' ],
49 silly audit   ajv: [ '6.12.6' ],
49 silly audit   'ansi-regex': [ '5.0.1' ],
49 silly audit   'ansi-styles': [ '4.3.0' ],
49 silly audit   argparse: [ '2.0.1' ],
49 silly audit   'array-union': [ '2.1.0' ],
49 silly audit   'balanced-match': [ '1.0.2' ],
49 silly audit   boolbase: [ '1.0.0' ],
49 silly audit   'brace-expansion': [ '1.1.11' ],
49 silly audit   braces: [ '3.0.2' ],
49 silly audit   callsites: [ '3.1.0' ],
49 silly audit   chalk: [ '4.1.2' ],
49 silly audit   'color-convert': [ '2.0.1' ],
49 silly audit   'color-name': [ '1.1.4' ],
49 silly audit   'concat-map': [ '0.0.1' ],
49 silly audit   'cross-spawn': [ '7.0.3' ],
49 silly audit   cssesc: [ '3.0.0' ],
49 silly audit   csstype: [ '2.6.21' ],
49 silly audit   debug: [ '4.3.4' ],
49 silly audit   'deep-is': [ '0.1.4' ],
49 silly audit   'dir-glob': [ '3.0.1' ],
49 silly audit   doctrine: [ '3.0.0' ],
49 silly audit   esbuild: [ '0.15.10' ],
49 silly audit   'esbuild-android-64': [ '0.15.10' ],
49 silly audit   'esbuild-android-arm64': [ '0.15.10' ],
49 silly audit   'esbuild-darwin-64': [ '0.15.10' ],
49 silly audit   'esbuild-darwin-arm64': [ '0.15.10' ],
49 silly audit   'esbuild-freebsd-64': [ '0.15.10' ],
49 silly audit   'esbuild-freebsd-arm64': [ '0.15.10' ],
49 silly audit   'esbuild-linux-32': [ '0.15.10' ],
49 silly audit   'esbuild-linux-64': [ '0.15.10' ],
49 silly audit   'esbuild-linux-arm': [ '0.15.10' ],
49 silly audit   'esbuild-linux-arm64': [ '0.15.10' ],
49 silly audit   'esbuild-linux-mips64le': [ '0.15.10' ],
49 silly audit   'esbuild-linux-ppc64le': [ '0.15.10' ],
49 silly audit   'esbuild-linux-riscv64': [ '0.15.10' ],
49 silly audit   'esbuild-linux-s390x': [ '0.15.10' ],
49 silly audit   'esbuild-netbsd-64': [ '0.15.10' ],
49 silly audit   'esbuild-openbsd-64': [ '0.15.10' ],
49 silly audit   'esbuild-sunos-64': [ '0.15.10' ],
49 silly audit   'esbuild-windows-32': [ '0.15.10' ],
49 silly audit   'esbuild-windows-64': [ '0.15.10' ],
49 silly audit   'esbuild-windows-arm64': [ '0.15.10' ],
49 silly audit   'escape-string-regexp': [ '4.0.0' ],
49 silly audit   eslint: [ '8.25.0' ],
49 silly audit   'eslint-config-prettier': [ '8.5.0' ],
49 silly audit   'eslint-plugin-prettier': [ '4.2.1' ],
49 silly audit   'eslint-plugin-vue': [ '9.6.0' ],
49 silly audit   'eslint-scope': [ '7.1.1' ],
49 silly audit   'eslint-utils': [ '3.0.0' ],
49 silly audit   'eslint-visitor-keys': [ '2.1.0', '3.3.0' ],
49 silly audit   espree: [ '9.4.0' ],
49 silly audit   esquery: [ '1.4.0' ],
49 silly audit   esrecurse: [ '4.3.0' ],
49 silly audit   estraverse: [ '5.3.0' ],
49 silly audit   'estree-walker': [ '2.0.2' ],
49 silly audit   esutils: [ '2.0.3' ],
49 silly audit   'fast-deep-equal': [ '3.1.3' ],
49 silly audit   'fast-diff': [ '1.2.0' ],
49 silly audit   'fast-glob': [ '3.2.12' ],
49 silly audit   'glob-parent': [ '5.1.2', '6.0.2' ],
49 silly audit   'fast-json-stable-stringify': [ '2.1.0' ],
49 silly audit   'fast-levenshtein': [ '2.0.6' ],
49 silly audit   fastq: [ '1.13.0' ],
49 silly audit   'file-entry-cache': [ '6.0.1' ],
49 silly audit   'fill-range': [ '7.0.1' ],
49 silly audit   'find-up': [ '5.0.0' ],
49 silly audit   'flat-cache': [ '3.0.4' ],
49 silly audit   flatted: [ '3.2.7' ],
49 silly audit   'fs.realpath': [ '1.0.0' ],
49 silly audit   fsevents: [ '2.3.2' ],
49 silly audit   'function-bind': [ '1.1.1' ],
49 silly audit   glob: [ '7.2.3' ],
49 silly audit   globals: [ '13.17.0' ],
49 silly audit   globby: [ '11.1.0' ],
49 silly audit   'grapheme-splitter': [ '1.0.4' ],
49 silly audit   has: [ '1.0.3' ],
49 silly audit   'has-flag': [ '4.0.0' ],
49 silly audit   ignore: [ '5.2.0' ],
49 silly audit   'import-fresh': [ '3.3.0' ],
49 silly audit   imurmurhash: [ '0.1.4' ],
49 silly audit   inflight: [ '1.0.6' ],
49 silly audit   inherits: [ '2.0.4' ],
49 silly audit   'is-core-module': [ '2.10.0' ],
49 silly audit   'is-extglob': [ '2.1.1' ],
49 silly audit   'is-glob': [ '4.0.3' ],
49 silly audit   'is-number': [ '7.0.0' ],
49 silly audit   isexe: [ '2.0.0' ],
49 silly audit   'js-sdsl': [ '4.1.5' ],
49 silly audit   'js-yaml': [ '4.1.0' ],
49 silly audit   'json-schema-traverse': [ '0.4.1' ],
49 silly audit   'json-stable-stringify-without-jsonify': [ '1.0.1' ],
49 silly audit   levn: [ '0.4.1' ],
49 silly audit   'locate-path': [ '6.0.0' ],
49 silly audit   lodash: [ '4.17.21' ],
49 silly audit   'lodash.merge': [ '4.6.2' ],
49 silly audit   'lru-cache': [ '6.0.0' ],
49 silly audit   'magic-string': [ '0.25.9' ],
49 silly audit   merge2: [ '1.4.1' ],
49 silly audit   micromatch: [ '4.0.5' ],
49 silly audit   minimatch: [ '3.1.2' ],
49 silly audit   ms: [ '2.1.2' ],
49 silly audit   nanoid: [ '3.3.4' ],
49 silly audit   'natural-compare': [ '1.4.0' ],
49 silly audit   'nth-check': [ '2.1.1' ],
49 silly audit   once: [ '1.4.0' ],
49 silly audit   optionator: [ '0.9.1' ],
49 silly audit   'p-limit': [ '3.1.0' ],
49 silly audit   'p-locate': [ '5.0.0' ],
49 silly audit   'parent-module': [ '1.0.1' ],
49 silly audit   'path-exists': [ '4.0.0' ],
49 silly audit   'path-is-absolute': [ '1.0.1' ],
49 silly audit   'path-key': [ '3.1.1' ],
49 silly audit   'path-parse': [ '1.0.7' ],
49 silly audit   'path-type': [ '4.0.0' ],
49 silly audit   picocolors: [ '1.0.0' ],
49 silly audit   picomatch: [ '2.3.1' ],
49 silly audit   postcss: [ '8.4.17' ],
49 silly audit   'postcss-selector-parser': [ '6.0.10' ],
49 silly audit   'prelude-ls': [ '1.2.1' ],
49 silly audit   prettier: [ '2.7.1' ],
49 silly audit   'prettier-linter-helpers': [ '1.0.0' ],
49 silly audit   punycode: [ '2.1.1' ],
49 silly audit   'queue-microtask': [ '1.2.3' ],
49 silly audit   regexpp: [ '3.2.0' ],
49 silly audit   resolve: [ '1.22.1' ],
49 silly audit   'resolve-from': [ '4.0.0' ],
49 silly audit   reusify: [ '1.0.4' ],
49 silly audit   rimraf: [ '3.0.2' ],
49 silly audit   rollup: [ '2.78.1' ],
49 silly audit   'run-parallel': [ '1.2.0' ],
49 silly audit   semver: [ '7.3.8' ],
49 silly audit   'shebang-command': [ '2.0.0' ],
49 silly audit   'shebang-regex': [ '3.0.0' ],
49 silly audit   slash: [ '3.0.0' ],
49 silly audit   'source-map': [ '0.6.1' ],
49 silly audit   'source-map-js': [ '1.0.2' ],
49 silly audit   'sourcemap-codec': [ '1.4.8' ],
49 silly audit   'strip-ansi': [ '6.0.1' ],
49 silly audit   'strip-json-comments': [ '3.1.1' ],
49 silly audit   'supports-color': [ '7.2.0' ],
49 silly audit   'supports-preserve-symlinks-flag': [ '1.0.0' ],
49 silly audit   'text-table': [ '0.2.0' ],
49 silly audit   'to-regex-range': [ '5.0.1' ],
49 silly audit   'type-check': [ '0.4.0' ],
49 silly audit   'type-fest': [ '0.20.2' ],
49 silly audit   'uri-js': [ '4.4.1' ],
49 silly audit   'util-deprecate': [ '1.0.2' ],
49 silly audit   vite: [ '3.1.7' ],
49 silly audit   vue: [ '3.2.40' ],
49 silly audit   'vue-eslint-parser': [ '9.1.0' ],
49 silly audit   which: [ '2.0.2' ],
49 silly audit   'word-wrap': [ '1.2.3' ],
49 silly audit   wrappy: [ '1.0.2' ],
49 silly audit   'xml-name-validator': [ '4.0.0' ],
49 silly audit   yallist: [ '4.0.0' ],
49 silly audit   'yocto-queue': [ '0.1.0' ]
49 silly audit }
50 verbose reify failed optional dependency /home/node/source/node_modules/fsevents
51 silly reify mark deleted [ '/home/node/source/node_modules/fsevents' ]
52 verbose reify failed optional dependency /home/node/source/node_modules/esbuild-windows-arm64
53 silly reify mark deleted [ '/home/node/source/node_modules/esbuild-windows-arm64' ]
54 verbose reify failed optional dependency /home/node/source/node_modules/esbuild-windows-64
55 silly reify mark deleted [ '/home/node/source/node_modules/esbuild-windows-64' ]
56 verbose reify failed optional dependency /home/node/source/node_modules/esbuild-windows-32
57 silly reify mark deleted [ '/home/node/source/node_modules/esbuild-windows-32' ]
58 verbose reify failed optional dependency /home/node/source/node_modules/esbuild-sunos-64
59 silly reify mark deleted [ '/home/node/source/node_modules/esbuild-sunos-64' ]
60 verbose reify failed optional dependency /home/node/source/node_modules/esbuild-openbsd-64
61 silly reify mark deleted [ '/home/node/source/node_modules/esbuild-openbsd-64' ]
62 verbose reify failed optional dependency /home/node/source/node_modules/esbuild-netbsd-64
63 silly reify mark deleted [ '/home/node/source/node_modules/esbuild-netbsd-64' ]
64 verbose reify failed optional dependency /home/node/source/node_modules/esbuild-linux-s390x
65 silly reify mark deleted [ '/home/node/source/node_modules/esbuild-linux-s390x' ]
66 verbose reify failed optional dependency /home/node/source/node_modules/esbuild-linux-riscv64
67 silly reify mark deleted [ '/home/node/source/node_modules/esbuild-linux-riscv64' ]
68 verbose reify failed optional dependency /home/node/source/node_modules/esbuild-linux-ppc64le
69 silly reify mark deleted [ '/home/node/source/node_modules/esbuild-linux-ppc64le' ]
70 verbose reify failed optional dependency /home/node/source/node_modules/esbuild-linux-mips64le
71 silly reify mark deleted [ '/home/node/source/node_modules/esbuild-linux-mips64le' ]
72 verbose reify failed optional dependency /home/node/source/node_modules/esbuild-linux-arm
73 silly reify mark deleted [ '/home/node/source/node_modules/esbuild-linux-arm' ]
74 verbose reify failed optional dependency /home/node/source/node_modules/esbuild-linux-64
75 silly reify mark deleted [ '/home/node/source/node_modules/esbuild-linux-64' ]
76 verbose reify failed optional dependency /home/node/source/node_modules/esbuild-linux-32
77 silly reify mark deleted [ '/home/node/source/node_modules/esbuild-linux-32' ]
78 verbose reify failed optional dependency /home/node/source/node_modules/esbuild-freebsd-arm64
79 silly reify mark deleted [ '/home/node/source/node_modules/esbuild-freebsd-arm64' ]
80 verbose reify failed optional dependency /home/node/source/node_modules/esbuild-freebsd-64
81 silly reify mark deleted [ '/home/node/source/node_modules/esbuild-freebsd-64' ]
82 verbose reify failed optional dependency /home/node/source/node_modules/esbuild-darwin-arm64
83 silly reify mark deleted [ '/home/node/source/node_modules/esbuild-darwin-arm64' ]
84 verbose reify failed optional dependency /home/node/source/node_modules/esbuild-darwin-64
85 silly reify mark deleted [ '/home/node/source/node_modules/esbuild-darwin-64' ]
86 verbose reify failed optional dependency /home/node/source/node_modules/esbuild-android-arm64
87 silly reify mark deleted [ '/home/node/source/node_modules/esbuild-android-arm64' ]
88 verbose reify failed optional dependency /home/node/source/node_modules/esbuild-android-64
89 silly reify mark deleted [ '/home/node/source/node_modules/esbuild-android-64' ]
90 verbose reify failed optional dependency /home/node/source/node_modules/@esbuild/linux-loong64
91 silly reify mark deleted [ '/home/node/source/node_modules/@esbuild/linux-loong64' ]
92 verbose reify failed optional dependency /home/node/source/node_modules/@esbuild/android-arm
93 silly reify mark deleted [ '/home/node/source/node_modules/@esbuild/android-arm' ]
94 timing reifyNode:node_modules/fsevents Completed in 12ms
95 timing reifyNode:node_modules/esbuild-windows-arm64 Completed in 12ms
96 timing reifyNode:node_modules/esbuild-windows-64 Completed in 12ms
97 timing reifyNode:node_modules/esbuild-windows-32 Completed in 12ms
98 timing reifyNode:node_modules/esbuild-sunos-64 Completed in 12ms
99 timing reifyNode:node_modules/esbuild-openbsd-64 Completed in 13ms
100 timing reifyNode:node_modules/esbuild-netbsd-64 Completed in 13ms
101 timing reifyNode:node_modules/esbuild-linux-s390x Completed in 13ms
102 timing reifyNode:node_modules/esbuild-linux-riscv64 Completed in 12ms
103 timing reifyNode:node_modules/esbuild-linux-ppc64le Completed in 12ms
104 timing reifyNode:node_modules/esbuild-linux-mips64le Completed in 12ms
105 timing reifyNode:node_modules/esbuild-linux-arm Completed in 12ms
106 timing reifyNode:node_modules/esbuild-linux-64 Completed in 13ms
107 timing reifyNode:node_modules/esbuild-linux-32 Completed in 13ms
108 timing reifyNode:node_modules/esbuild-freebsd-arm64 Completed in 13ms
109 timing reifyNode:node_modules/esbuild-freebsd-64 Completed in 13ms
110 timing reifyNode:node_modules/esbuild-darwin-arm64 Completed in 13ms
111 timing reifyNode:node_modules/esbuild-darwin-64 Completed in 13ms
112 timing reifyNode:node_modules/esbuild-android-arm64 Completed in 13ms
113 timing reifyNode:node_modules/esbuild-android-64 Completed in 14ms
114 timing reifyNode:node_modules/@esbuild/linux-loong64 Completed in 14ms
115 timing reifyNode:node_modules/@esbuild/android-arm Completed in 14ms
116 timing reify:unpack Completed in 15ms
117 timing reify:unretire Completed in 0ms
118 timing build:queue Completed in 3ms
119 timing build:deps Completed in 3ms
120 timing build Completed in 4ms
121 timing reify:build Completed in 6ms
122 timing reify:trash Completed in 7ms
123 timing reify:save Completed in 28ms
124 http fetch GET 200 https://registry.npmjs.org/npm 712ms (cache miss)
125 http fetch POST 200 https://registry.npmjs.org/-/npm/v1/security/advisories/bulk 3015ms
126 timing auditReport:getReport Completed in 3020ms
127 silly audit report {}
128 timing auditReport:init Completed in 0ms
129 timing reify:audit Completed in 3022ms
130 timing reify Completed in 3306ms
131 silly ADD
132 silly ADD
133 silly ADD
134 silly ADD
135 silly ADD
136 silly ADD
137 silly ADD
138 silly ADD
139 silly ADD
140 silly ADD
141 silly ADD
142 silly ADD
143 silly ADD
144 silly ADD
145 silly ADD
146 silly ADD
147 silly ADD
148 silly ADD
149 silly ADD
150 silly ADD
151 silly ADD
152 silly ADD
153 timing command:install Completed in 3331ms
154 notice
154 notice New [31mmajor[39m version of npm available! [31m8.6.0[39m -> [32m9.2.0[39m
154 notice Changelog: [36mhttps://github.com/npm/cli/releases/tag/v9.2.0[39m
154 notice Run [32mnpm install -g npm@9.2.0[39m to update!
154 notice
155 verbose exit 0
156 timing npm Completed in 3413ms
157 info ok
